srun: job 1008055 queued and waiting for resources
srun: job 1008055 has been allocated resources
memory budget: 10000000000
================================
Namespace(arch='resnet50', batch_size=128, budget=10000000000, data='/home/laizhiquan/dat01/newdataset/imagenet', dist_backend='nccl', dist_url='tcp://224.66.41.62:23456', epochs=90, evaluate=False, gpu=None, lr=0.1, momentum=0.9, multiprocessing_distributed=False, pretrained=False, print_freq=1, rank=-1, resume='', seed=None, start_epoch=0, use_dtr=True, weight_decay=0.0001, workers=4, world_size=-1)
================================
=> creating model 'resnet50'
Epoch: [0][    1/10010]	Time 22.672 (22.672)	Data 10.944 (10.944)	Loss 7.1756e+00 (7.1756e+00)	Acc@1   0.00 (  0.00)	Acc@5   0.78 (  0.78)
memory: 12313.39 (MB)
Epoch: [0][    2/10010]	Time  3.018 (12.845)	Data  0.042 ( 5.493)	Loss 7.0875e+00 (7.1316e+00)	Acc@1   0.00 (  0.00)	Acc@5   0.00 (  0.39)
memory: 9664.72 (MB)
Epoch: [0][    3/10010]	Time  2.679 ( 9.456)	Data  0.011 ( 3.666)	Loss 7.1812e+00 (7.1481e+00)	Acc@1   0.78 (  0.26)	Acc@5   0.78 (  0.52)
memory: 9665.03 (MB)
Epoch: [0][    4/10010]	Time  3.466 ( 7.959)	Data  0.009 ( 2.751)	Loss 7.0940e+00 (7.1346e+00)	Acc@1   0.78 (  0.39)	Acc@5   1.56 (  0.78)
memory: 9663.78 (MB)
Epoch: [0][    5/10010]	Time  3.124 ( 6.992)	Data  0.025 ( 2.206)	Loss 7.1384e+00 (7.1354e+00)	Acc@1   0.00 (  0.31)	Acc@5   0.00 (  0.62)
memory: 9563.20 (MB)
Epoch: [0][    6/10010]	Time  3.067 ( 6.338)	Data  0.005 ( 1.839)	Loss 7.1351e+00 (7.1353e+00)	Acc@1   0.00 (  0.26)	Acc@5   0.00 (  0.52)
memory: 9664.53 (MB)
Epoch: [0][    7/10010]	Time  3.194 ( 5.889)	Data  0.013 ( 1.578)	Loss 7.0841e+00 (7.1280e+00)	Acc@1   0.78 (  0.33)	Acc@5   1.56 (  0.67)
memory: 9562.39 (MB)
Epoch: [0][    8/10010]	Time  3.031 ( 5.531)	Data  0.031 ( 1.385)	Loss 7.1910e+00 (7.1359e+00)	Acc@1   0.00 (  0.29)	Acc@5   0.78 (  0.68)
memory: 9562.39 (MB)
Epoch: [0][    9/10010]	Time  3.427 ( 5.298)	Data  0.010 ( 1.232)	Loss 7.1577e+00 (7.1383e+00)	Acc@1   0.00 (  0.26)	Acc@5   0.00 (  0.61)
memory: 9664.28 (MB)
Epoch: [0][   10/10010]	Time  3.006 ( 5.068)	Data  0.007 ( 1.110)	Loss 7.1626e+00 (7.1407e+00)	Acc@1   0.00 (  0.23)	Acc@5   0.78 (  0.62)
memory: 9665.10 (MB)
Epoch: [0][   11/10010]	Time  3.138 ( 4.893)	Data  0.018 ( 1.010)	Loss 7.1274e+00 (7.1395e+00)	Acc@1   0.00 (  0.21)	Acc@5   0.78 (  0.64)
memory: 9664.28 (MB)
Epoch: [0][   12/10010]	Time  3.043 ( 4.739)	Data  0.004 ( 0.927)	Loss 7.0738e+00 (7.1340e+00)	Acc@1   0.00 (  0.20)	Acc@5   0.00 (  0.59)
memory: 9561.45 (MB)
Epoch: [0][   13/10010]	Time  3.411 ( 4.637)	Data  0.004 ( 0.856)	Loss 7.0981e+00 (7.1313e+00)	Acc@1   0.00 (  0.18)	Acc@5   0.00 (  0.54)
memory: 9662.60 (MB)
Epoch: [0][   14/10010]	Time  3.348 ( 4.545)	Data  0.017 ( 0.796)	Loss 7.1335e+00 (7.1314e+00)	Acc@1   0.00 (  0.17)	Acc@5   1.56 (  0.61)
memory: 9663.78 (MB)
Epoch: [0][   15/10010]	Time  3.121 ( 4.450)	Data  0.011 ( 0.743)	Loss 7.1583e+00 (7.1332e+00)	Acc@1   0.00 (  0.16)	Acc@5   0.00 (  0.57)
memory: 9662.35 (MB)
Epoch: [0][   16/10010]	Time  3.576 ( 4.395)	Data  0.018 ( 0.698)	Loss 7.0948e+00 (7.1308e+00)	Acc@1   0.00 (  0.15)	Acc@5   0.00 (  0.54)
memory: 9664.85 (MB)
Epoch: [0][   17/10010]	Time  3.996 ( 4.372)	Data  0.010 ( 0.658)	Loss 7.0701e+00 (7.1273e+00)	Acc@1   0.00 (  0.14)	Acc@5   0.00 (  0.51)
memory: 9661.60 (MB)
Epoch: [0][   18/10010]	Time  3.241 ( 4.309)	Data  0.018 ( 0.622)	Loss 7.1713e+00 (7.1297e+00)	Acc@1   0.00 (  0.13)	Acc@5   0.78 (  0.52)
memory: 9665.10 (MB)
Epoch: [0][   19/10010]	Time  3.767 ( 4.280)	Data  0.016 ( 0.590)	Loss 7.0822e+00 (7.1272e+00)	Acc@1   0.00 (  0.12)	Acc@5   0.00 (  0.49)
memory: 9661.78 (MB)
Epoch: [0][   20/10010]	Time  4.013 ( 4.267)	Data  0.031 ( 0.562)	Loss 7.0960e+00 (7.1256e+00)	Acc@1   0.00 (  0.12)	Acc@5   0.00 (  0.47)
memory: 9664.35 (MB)
Epoch: [0][   21/10010]	Time  3.349 ( 4.223)	Data  0.025 ( 0.537)	Loss 7.1332e+00 (7.1260e+00)	Acc@1   0.00 (  0.11)	Acc@5   0.00 (  0.45)
memory: 9661.41 (MB)
Epoch: [0][   22/10010]	Time  2.499 ( 4.145)	Data  0.009 ( 0.513)	Loss 7.1334e+00 (7.1263e+00)	Acc@1   0.00 (  0.11)	Acc@5   0.00 (  0.43)
memory: 9562.70 (MB)
Epoch: [0][   23/10010]	Time  3.218 ( 4.105)	Data  0.001 ( 0.490)	Loss 7.1263e+00 (7.1263e+00)	Acc@1   0.78 (  0.14)	Acc@5   0.78 (  0.44)
memory: 9662.10 (MB)
Epoch: [0][   24/10010]	Time  3.093 ( 4.062)	Data  0.009 ( 0.470)	Loss 7.1442e+00 (7.1271e+00)	Acc@1   0.00 (  0.13)	Acc@5   0.00 (  0.42)
memory: 9663.28 (MB)
Epoch: [0][   25/10010]	Time  2.761 ( 4.010)	Data  0.001 ( 0.452)	Loss 7.1155e+00 (7.1266e+00)	Acc@1   0.00 (  0.12)	Acc@5   0.78 (  0.44)
memory: 9661.85 (MB)
Epoch: [0][   26/10010]	Time  3.280 ( 3.982)	Data  0.004 ( 0.434)	Loss 7.0887e+00 (7.1252e+00)	Acc@1   0.00 (  0.12)	Acc@5   0.78 (  0.45)
memory: 9562.89 (MB)
Epoch: [0][   27/10010]	Time  3.470 ( 3.963)	Data  0.026 ( 0.419)	Loss 7.0844e+00 (7.1236e+00)	Acc@1   0.00 (  0.12)	Acc@5   0.00 (  0.43)
memory: 9663.28 (MB)
Epoch: [0][   28/10010]	Time  3.141 ( 3.934)	Data  0.002 ( 0.404)	Loss 7.2430e+00 (7.1279e+00)	Acc@1   0.00 (  0.11)	Acc@5   0.00 (  0.42)
memory: 9564.70 (MB)
Epoch: [0][   29/10010]	Time  3.399 ( 3.916)	Data  0.001 ( 0.390)	Loss 7.1195e+00 (7.1276e+00)	Acc@1   0.00 (  0.11)	Acc@5   0.00 (  0.40)
memory: 9664.72 (MB)
Epoch: [0][   30/10010]	Time  3.310 ( 3.895)	Data  0.033 ( 0.378)	Loss 7.1486e+00 (7.1283e+00)	Acc@1   0.00 (  0.10)	Acc@5   0.00 (  0.39)
memory: 9665.10 (MB)
Epoch: [0][   31/10010]	Time  3.558 ( 3.884)	Data  0.012 ( 0.367)	Loss 7.2092e+00 (7.1309e+00)	Acc@1   0.00 (  0.10)	Acc@5   0.00 (  0.38)
memory: 9663.10 (MB)
Epoch: [0][   32/10010]	Time  3.917 ( 3.885)	Data  0.019 ( 0.356)	Loss 6.9814e+00 (7.1263e+00)	Acc@1   0.78 (  0.12)	Acc@5   0.78 (  0.39)
memory: 9665.16 (MB)
Epoch: [0][   33/10010]	Time  3.854 ( 3.884)	Data  0.024 ( 0.346)	Loss 7.0885e+00 (7.1251e+00)	Acc@1   0.00 (  0.12)	Acc@5   0.00 (  0.38)
memory: 9662.35 (MB)
Epoch: [0][   34/10010]	Time  3.764 ( 3.881)	Data  0.021 ( 0.336)	Loss 7.1781e+00 (7.1267e+00)	Acc@1   0.00 (  0.11)	Acc@5   0.00 (  0.37)
memory: 9561.64 (MB)
Epoch: [0][   35/10010]	Time  3.610 ( 3.873)	Data  0.031 ( 0.327)	Loss 7.0557e+00 (7.1246e+00)	Acc@1   0.00 (  0.11)	Acc@5   0.78 (  0.38)
memory: 9664.53 (MB)
Epoch: [0][   36/10010]	Time  4.531 ( 3.891)	Data  0.044 ( 0.320)	Loss 7.0244e+00 (7.1219e+00)	Acc@1   0.00 (  0.11)	Acc@5   2.34 (  0.43)
memory: 9664.53 (MB)
Epoch: [0][   37/10010]	Time  3.718 ( 3.887)	Data  0.028 ( 0.312)	Loss 6.9996e+00 (7.1186e+00)	Acc@1   0.00 (  0.11)	Acc@5   0.78 (  0.44)
memory: 9662.28 (MB)
Epoch: [0][   38/10010]	Time  3.741 ( 3.883)	Data  0.027 ( 0.304)	Loss 7.1123e+00 (7.1184e+00)	Acc@1   0.00 (  0.10)	Acc@5   0.78 (  0.45)
memory: 9562.14 (MB)
Epoch: [0][   39/10010]	Time  3.541 ( 3.874)	Data  0.030 ( 0.297)	Loss 7.1808e+00 (7.1200e+00)	Acc@1   0.00 (  0.10)	Acc@5   0.78 (  0.46)
memory: 9663.53 (MB)
Epoch: [0][   40/10010]	Time  3.767 ( 3.872)	Data  0.032 ( 0.291)	Loss 7.1459e+00 (7.1206e+00)	Acc@1   0.00 (  0.10)	Acc@5   0.00 (  0.45)
memory: 9664.85 (MB)
Epoch: [0][   41/10010]	Time  3.394 ( 3.860)	Data  0.013 ( 0.284)	Loss 7.1597e+00 (7.1216e+00)	Acc@1   0.00 (  0.10)	Acc@5   0.00 (  0.44)
memory: 9660.97 (MB)
Epoch: [0][   42/10010]	Time  3.432 ( 3.850)	Data  0.034 ( 0.278)	Loss 7.1834e+00 (7.1231e+00)	Acc@1   0.00 (  0.09)	Acc@5   0.78 (  0.45)
memory: 9663.91 (MB)
Epoch: [0][   43/10010]	Time  2.863 ( 3.827)	Data  0.016 ( 0.272)	Loss 7.1552e+00 (7.1238e+00)	Acc@1   0.00 (  0.09)	Acc@5   0.00 (  0.44)
memory: 9662.03 (MB)
Epoch: [0][   44/10010]	Time  3.253 ( 3.814)	Data  0.004 ( 0.266)	Loss 7.0734e+00 (7.1227e+00)	Acc@1   0.00 (  0.09)	Acc@5   0.78 (  0.44)
memory: 9664.28 (MB)
Epoch: [0][   45/10010]	Time  2.709 ( 3.789)	Data  0.001 ( 0.260)	Loss 7.0416e+00 (7.1209e+00)	Acc@1   0.00 (  0.09)	Acc@5   0.78 (  0.45)
memory: 9664.28 (MB)
Epoch: [0][   46/10010]	Time  3.381 ( 3.780)	Data  0.029 ( 0.255)	Loss 7.0351e+00 (7.1190e+00)	Acc@1   0.78 (  0.10)	Acc@5   0.78 (  0.46)
memory: 9664.85 (MB)
Epoch: [0][   47/10010]	Time  3.543 ( 3.775)	Data  0.005 ( 0.249)	Loss 7.1724e+00 (7.1201e+00)	Acc@1   0.00 (  0.10)	Acc@5   0.00 (  0.45)
memory: 9662.35 (MB)
Epoch: [0][   48/10010]	Time  2.938 ( 3.758)	Data  0.010 ( 0.244)	Loss 7.0603e+00 (7.1189e+00)	Acc@1   0.00 (  0.10)	Acc@5   0.78 (  0.46)
memory: 9561.89 (MB)
Epoch: [0][   49/10010]	Time  3.041 ( 3.743)	Data  0.029 ( 0.240)	Loss 7.1971e+00 (7.1205e+00)	Acc@1   0.00 (  0.10)	Acc@5   0.00 (  0.45)
memory: 9661.53 (MB)
Epoch: [0][   50/10010]	Time  3.860 ( 3.745)	Data  0.002 ( 0.235)	Loss 7.0624e+00 (7.1193e+00)	Acc@1   0.00 (  0.09)	Acc@5   0.00 (  0.44)
memory: 9562.82 (MB)
Epoch: [0][   51/10010]	Time  3.065 ( 3.732)	Data  0.002 ( 0.231)	Loss 7.1025e+00 (7.1190e+00)	Acc@1   0.00 (  0.09)	Acc@5   0.78 (  0.44)
memory: 9663.60 (MB)
Epoch: [0][   52/10010]	Time  2.842 ( 3.715)	Data  0.004 ( 0.226)	Loss 7.0439e+00 (7.1175e+00)	Acc@1   0.00 (  0.09)	Acc@5   0.00 (  0.44)
memory: 9563.07 (MB)
Epoch: [0][   53/10010]	Time  2.560 ( 3.693)	Data  0.004 ( 0.222)	Loss 7.0725e+00 (7.1167e+00)	Acc@1   0.00 (  0.09)	Acc@5   0.00 (  0.43)
memory: 9662.28 (MB)
Epoch: [0][   54/10010]	Time  3.016 ( 3.681)	Data  0.003 ( 0.218)	Loss 7.0612e+00 (7.1157e+00)	Acc@1   0.00 (  0.09)	Acc@5   0.78 (  0.43)
memory: 9665.10 (MB)
Epoch: [0][   55/10010]	Time  2.956 ( 3.668)	Data  0.015 ( 0.214)	Loss 7.1535e+00 (7.1164e+00)	Acc@1   0.78 (  0.10)	Acc@5   1.56 (  0.45)
memory: 9662.28 (MB)
Epoch: [0][   56/10010]	Time  2.538 ( 3.647)	Data  0.003 ( 0.211)	Loss 7.1015e+00 (7.1161e+00)	Acc@1   0.00 (  0.10)	Acc@5   0.00 (  0.45)
memory: 9562.64 (MB)
Epoch: [0][   57/10010]	Time  2.902 ( 3.634)	Data  0.007 ( 0.207)	Loss 7.1102e+00 (7.1160e+00)	Acc@1   0.00 (  0.10)	Acc@5   0.00 (  0.44)
memory: 9662.60 (MB)
Epoch: [0][   58/10010]	Time  2.774 ( 3.619)	Data  0.004 ( 0.204)	Loss 7.0588e+00 (7.1150e+00)	Acc@1   0.00 (  0.09)	Acc@5   0.00 (  0.43)
memory: 9662.28 (MB)
Epoch: [0][   59/10010]	Time  2.813 ( 3.606)	Data  0.003 ( 0.200)	Loss 7.1403e+00 (7.1154e+00)	Acc@1   0.00 (  0.09)	Acc@5   1.56 (  0.45)
memory: 9664.10 (MB)
Epoch: [0][   60/10010]	Time  2.702 ( 3.591)	Data  0.001 ( 0.197)	Loss 7.1319e+00 (7.1157e+00)	Acc@1   0.00 (  0.09)	Acc@5   0.00 (  0.44)
memory: 9561.70 (MB)
Epoch: [0][   61/10010]	Time  2.888 ( 3.579)	Data  0.004 ( 0.194)	Loss 7.1251e+00 (7.1159e+00)	Acc@1   0.00 (  0.09)	Acc@5   0.00 (  0.44)
memory: 9665.10 (MB)
Epoch: [0][   62/10010]	Time  3.183 ( 3.573)	Data  0.004 ( 0.191)	Loss 7.1098e+00 (7.1158e+00)	Acc@1   0.00 (  0.09)	Acc@5   0.00 (  0.43)
memory: 9564.14 (MB)
Epoch: [0][   63/10010]	Time  2.605 ( 3.557)	Data  0.008 ( 0.188)	Loss 7.1167e+00 (7.1158e+00)	Acc@1   0.78 (  0.10)	Acc@5   0.78 (  0.43)
memory: 9662.85 (MB)
Epoch: [0][   64/10010]	Time  2.885 ( 3.547)	Data  0.003 ( 0.185)	Loss 7.2893e+00 (7.1185e+00)	Acc@1   0.00 (  0.10)	Acc@5   0.78 (  0.44)
memory: 9664.03 (MB)
Epoch: [0][   65/10010]	Time  2.998 ( 3.538)	Data  0.004 ( 0.182)	Loss 7.0885e+00 (7.1180e+00)	Acc@1   0.00 (  0.10)	Acc@5   0.00 (  0.43)
memory: 9664.03 (MB)
Epoch: [0][   66/10010]	Time  3.144 ( 3.533)	Data  0.003 ( 0.179)	Loss 7.1325e+00 (7.1182e+00)	Acc@1   0.00 (  0.09)	Acc@5   0.00 (  0.43)
memory: 9562.82 (MB)
Epoch: [0][   67/10010]	Time  3.742 ( 3.536)	Data  0.004 ( 0.177)	Loss 7.1134e+00 (7.1182e+00)	Acc@1   0.00 (  0.09)	Acc@5   0.00 (  0.42)
memory: 9662.66 (MB)
Epoch: [0][   68/10010]	Time  2.561 ( 3.521)	Data  0.005 ( 0.174)	Loss 7.1914e+00 (7.1193e+00)	Acc@1   0.00 (  0.09)	Acc@5   0.00 (  0.41)
memory: 9562.39 (MB)
Epoch: [0][   69/10010]	Time  2.884 ( 3.512)	Data  0.003 ( 0.172)	Loss 7.1046e+00 (7.1190e+00)	Acc@1   0.00 (  0.09)	Acc@5   0.78 (  0.42)
memory: 9663.22 (MB)
Epoch: [0][   70/10010]	Time  2.823 ( 3.502)	Data  0.013 ( 0.169)	Loss 7.1031e+00 (7.1188e+00)	Acc@1   0.00 (  0.09)	Acc@5   0.00 (  0.41)
memory: 9562.32 (MB)
Epoch: [0][   71/10010]	Time  2.998 ( 3.495)	Data  0.002 ( 0.167)	Loss 7.0510e+00 (7.1179e+00)	Acc@1   0.00 (  0.09)	Acc@5   0.78 (  0.42)
memory: 9663.97 (MB)
Epoch: [0][   72/10010]	Time  2.337 ( 3.479)	Data  0.003 ( 0.165)	Loss 7.0292e+00 (7.1166e+00)	Acc@1   0.00 (  0.09)	Acc@5   0.78 (  0.42)
memory: 9563.20 (MB)
Epoch: [0][   73/10010]	Time  2.873 ( 3.471)	Data  0.005 ( 0.163)	Loss 7.1824e+00 (7.1175e+00)	Acc@1   0.00 (  0.09)	Acc@5   0.00 (  0.42)
memory: 9661.78 (MB)
Epoch: [0][   74/10010]	Time  3.089 ( 3.466)	Data  0.003 ( 0.160)	Loss 7.1770e+00 (7.1183e+00)	Acc@1   0.00 (  0.08)	Acc@5   0.00 (  0.41)
memory: 9563.70 (MB)
Epoch: [0][   75/10010]	Time  2.668 ( 3.455)	Data  0.003 ( 0.158)	Loss 7.1171e+00 (7.1183e+00)	Acc@1   0.00 (  0.08)	Acc@5   0.00 (  0.41)
memory: 9663.72 (MB)
Epoch: [0][   76/10010]	Time  2.928 ( 3.448)	Data  0.010 ( 0.156)	Loss 7.0946e+00 (7.1180e+00)	Acc@1   0.00 (  0.08)	Acc@5   0.00 (  0.40)
memory: 9563.70 (MB)
Epoch: [0][   77/10010]	Time  2.802 ( 3.440)	Data  0.021 ( 0.155)	Loss 7.0554e+00 (7.1172e+00)	Acc@1   0.78 (  0.09)	Acc@5   2.34 (  0.43)
memory: 9664.97 (MB)
Epoch: [0][   78/10010]	Time  3.154 ( 3.436)	Data  0.001 ( 0.153)	Loss 7.1265e+00 (7.1173e+00)	Acc@1   0.00 (  0.09)	Acc@5   0.78 (  0.43)
memory: 9663.35 (MB)
Epoch: [0][   79/10010]	Time  2.565 ( 3.425)	Data  0.001 ( 0.151)	Loss 7.1152e+00 (7.1173e+00)	Acc@1   0.00 (  0.09)	Acc@5   0.00 (  0.43)
memory: 9665.03 (MB)
Epoch: [0][   80/10010]	Time  2.992 ( 3.420)	Data  0.006 ( 0.149)	Loss 7.0692e+00 (7.1167e+00)	Acc@1   0.00 (  0.09)	Acc@5   0.00 (  0.42)
memory: 9664.85 (MB)
Epoch: [0][   81/10010]	Time  2.888 ( 3.413)	Data  0.003 ( 0.147)	Loss 7.0945e+00 (7.1164e+00)	Acc@1   0.00 (  0.09)	Acc@5   0.00 (  0.41)
memory: 9662.60 (MB)
Epoch: [0][   82/10010]	Time  2.512 ( 3.402)	Data  0.007 ( 0.145)	Loss 7.0971e+00 (7.1162e+00)	Acc@1   0.00 (  0.09)	Acc@5   0.00 (  0.41)
memory: 9663.35 (MB)
Epoch: [0][   83/10010]	Time  2.824 ( 3.395)	Data  0.003 ( 0.144)	Loss 7.0815e+00 (7.1158e+00)	Acc@1   0.00 (  0.08)	Acc@5   0.00 (  0.40)
memory: 9663.35 (MB)
Epoch: [0][   84/10010]	Time  2.677 ( 3.386)	Data  0.002 ( 0.142)	Loss 7.0482e+00 (7.1149e+00)	Acc@1   0.00 (  0.08)	Acc@5   0.00 (  0.40)
memory: 9664.03 (MB)
Epoch: [0][   85/10010]	Time  2.805 ( 3.380)	Data  0.001 ( 0.140)	Loss 7.1219e+00 (7.1150e+00)	Acc@1   0.00 (  0.08)	Acc@5   0.00 (  0.40)
memory: 9664.10 (MB)
Epoch: [0][   86/10010]	Time  2.941 ( 3.375)	Data  0.010 ( 0.139)	Loss 7.1929e+00 (7.1159e+00)	Acc@1   0.00 (  0.08)	Acc@5   0.78 (  0.40)
memory: 9663.35 (MB)
Epoch: [0][   87/10010]	Time  3.109 ( 3.371)	Data  0.004 ( 0.137)	Loss 7.1248e+00 (7.1160e+00)	Acc@1   0.00 (  0.08)	Acc@5   1.56 (  0.41)
memory: 9664.22 (MB)
Epoch: [0][   88/10010]	Time  2.874 ( 3.366)	Data  0.002 ( 0.136)	Loss 7.0195e+00 (7.1149e+00)	Acc@1   0.00 (  0.08)	Acc@5   0.78 (  0.42)
memory: 9663.03 (MB)
Epoch: [0][   89/10010]	Time  2.879 ( 3.360)	Data  0.004 ( 0.134)	Loss 7.2002e+00 (7.1159e+00)	Acc@1   0.78 (  0.09)	Acc@5   0.78 (  0.42)
memory: 9663.53 (MB)
Epoch: [0][   90/10010]	Time  2.918 ( 3.355)	Data  0.003 ( 0.133)	Loss 7.1006e+00 (7.1157e+00)	Acc@1   0.00 (  0.09)	Acc@5   0.00 (  0.42)
memory: 9663.10 (MB)
Epoch: [0][   91/10010]	Time  3.102 ( 3.353)	Data  0.004 ( 0.131)	Loss 7.1634e+00 (7.1163e+00)	Acc@1   0.00 (  0.09)	Acc@5   0.78 (  0.42)
memory: 9664.35 (MB)
Epoch: [0][   92/10010]	Time  3.102 ( 3.350)	Data  0.003 ( 0.130)	Loss 7.0384e+00 (7.1154e+00)	Acc@1   0.00 (  0.08)	Acc@5   0.00 (  0.42)
memory: 9664.03 (MB)
Epoch: [0][   93/10010]	Time  2.955 ( 3.346)	Data  0.003 ( 0.129)	Loss 7.0523e+00 (7.1147e+00)	Acc@1   0.00 (  0.08)	Acc@5   0.78 (  0.42)
memory: 9663.16 (MB)
Epoch: [0][   94/10010]	Time  2.659 ( 3.338)	Data  0.008 ( 0.127)	Loss 7.1553e+00 (7.1152e+00)	Acc@1   0.00 (  0.08)	Acc@5   0.00 (  0.42)
memory: 9664.35 (MB)
Epoch: [0][   95/10010]	Time  2.803 ( 3.333)	Data  0.003 ( 0.126)	Loss 7.1804e+00 (7.1158e+00)	Acc@1   0.00 (  0.08)	Acc@5   0.00 (  0.41)
memory: 9664.35 (MB)
Epoch: [0][   96/10010]	Time  2.744 ( 3.327)	Data  0.002 ( 0.125)	Loss 7.1825e+00 (7.1165e+00)	Acc@1   0.00 (  0.08)	Acc@5   2.34 (  0.43)
memory: 9561.95 (MB)
Epoch: [0][   97/10010]	Time  2.584 ( 3.319)	Data  0.001 ( 0.123)	Loss 7.0096e+00 (7.1154e+00)	Acc@1   0.00 (  0.08)	Acc@5   0.00 (  0.43)
memory: 9663.85 (MB)
Epoch: [0][   98/10010]	Time  2.839 ( 3.314)	Data  0.003 ( 0.122)	Loss 7.0891e+00 (7.1152e+00)	Acc@1   0.78 (  0.09)	Acc@5   0.78 (  0.43)
memory: 9664.35 (MB)
Epoch: [0][   99/10010]	Time  2.945 ( 3.310)	Data  0.003 ( 0.121)	Loss 7.1784e+00 (7.1158e+00)	Acc@1   0.00 (  0.09)	Acc@5   0.00 (  0.43)
memory: 9663.72 (MB)
Epoch: [0][  100/10010]	Time  2.842 ( 3.306)	Data  0.004 ( 0.120)	Loss 7.2129e+00 (7.1168e+00)	Acc@1   0.00 (  0.09)	Acc@5   0.00 (  0.42)
memory: 9662.78 (MB)
Epoch: [0][  101/10010]	Time  2.516 ( 3.298)	Data  0.003 ( 0.119)	Loss 7.0291e+00 (7.1159e+00)	Acc@1   0.00 (  0.09)	Acc@5   0.00 (  0.42)
memory: 9664.10 (MB)
Epoch: [0][  102/10010]	Time  2.763 ( 3.293)	Data  0.004 ( 0.118)	Loss 7.0819e+00 (7.1156e+00)	Acc@1   0.78 (  0.09)	Acc@5   0.78 (  0.42)
memory: 9662.72 (MB)
Epoch: [0][  103/10010]	Time  2.777 ( 3.288)	Data  0.010 ( 0.117)	Loss 7.0776e+00 (7.1152e+00)	Acc@1   0.00 (  0.09)	Acc@5   0.78 (  0.42)
memory: 9664.53 (MB)
Epoch: [0][  104/10010]	Time  3.168 ( 3.286)	Data  0.001 ( 0.115)	Loss 7.1229e+00 (7.1153e+00)	Acc@1   0.00 (  0.09)	Acc@5   0.00 (  0.42)
memory: 9662.60 (MB)
Epoch: [0][  105/10010]	Time  2.760 ( 3.281)	Data  0.005 ( 0.114)	Loss 7.1474e+00 (7.1156e+00)	Acc@1   0.00 (  0.09)	Acc@5   0.00 (  0.42)
memory: 9562.07 (MB)
Epoch: [0][  106/10010]	Time  2.483 ( 3.274)	Data  0.005 ( 0.113)	Loss 7.0439e+00 (7.1149e+00)	Acc@1   0.00 (  0.09)	Acc@5   0.78 (  0.42)
memory: 9661.85 (MB)
Epoch: [0][  107/10010]	Time  2.884 ( 3.270)	Data  0.003 ( 0.112)	Loss 7.1228e+00 (7.1150e+00)	Acc@1   0.78 (  0.09)	Acc@5   0.78 (  0.42)
memory: 9561.39 (MB)
Epoch: [0][  108/10010]	Time  2.922 ( 3.267)	Data  0.003 ( 0.111)	Loss 7.0079e+00 (7.1140e+00)	Acc@1   0.00 (  0.09)	Acc@5   0.00 (  0.42)
memory: 9662.66 (MB)
Epoch: [0][  109/10010]	Time  2.651 ( 3.261)	Data  0.001 ( 0.110)	Loss 7.0573e+00 (7.1135e+00)	Acc@1   0.00 (  0.09)	Acc@5   0.00 (  0.42)
memory: 9562.64 (MB)
Epoch: [0][  110/10010]	Time  2.541 ( 3.255)	Data  0.003 ( 0.109)	Loss 7.1545e+00 (7.1138e+00)	Acc@1   0.00 (  0.09)	Acc@5   0.78 (  0.42)
memory: 9662.60 (MB)
Epoch: [0][  111/10010]	Time  2.662 ( 3.249)	Data  0.003 ( 0.108)	Loss 7.0895e+00 (7.1136e+00)	Acc@1   0.00 (  0.09)	Acc@5   0.00 (  0.42)
memory: 9663.03 (MB)
Epoch: [0][  112/10010]	Time  2.718 ( 3.245)	Data  0.003 ( 0.107)	Loss 7.0571e+00 (7.1131e+00)	Acc@1   0.00 (  0.09)	Acc@5   0.00 (  0.41)
memory: 9664.35 (MB)
Epoch: [0][  113/10010]	Time  2.292 ( 3.236)	Data  0.003 ( 0.107)	Loss 7.0818e+00 (7.1128e+00)	Acc@1   0.00 (  0.09)	Acc@5   0.00 (  0.41)
memory: 9664.78 (MB)
Epoch: [0][  114/10010]	Time  2.770 ( 3.232)	Data  0.003 ( 0.106)	Loss 7.1592e+00 (7.1133e+00)	Acc@1   0.78 (  0.10)	Acc@5   0.78 (  0.41)
memory: 9664.22 (MB)
Epoch: [0][  115/10010]	Time  2.833 ( 3.229)	Data  0.002 ( 0.105)	Loss 7.0713e+00 (7.1129e+00)	Acc@1   0.00 (  0.10)	Acc@5   0.78 (  0.41)
memory: 9561.39 (MB)
Epoch: [0][  116/10010]	Time  2.703 ( 3.224)	Data  0.003 ( 0.104)	Loss 7.0573e+00 (7.1124e+00)	Acc@1   0.00 (  0.09)	Acc@5   0.00 (  0.41)
memory: 9561.57 (MB)
Epoch: [0][  117/10010]	Time  2.663 ( 3.219)	Data  0.003 ( 0.103)	Loss 7.1138e+00 (7.1124e+00)	Acc@1   0.00 (  0.09)	Acc@5   0.78 (  0.41)
memory: 9664.35 (MB)
Epoch: [0][  118/10010]	Time  2.624 ( 3.214)	Data  0.005 ( 0.102)	Loss 7.0431e+00 (7.1118e+00)	Acc@1   0.78 (  0.10)	Acc@5   0.78 (  0.42)
memory: 9663.78 (MB)
Epoch: [0][  119/10010]	Time  2.534 ( 3.209)	Data  0.003 ( 0.101)	Loss 7.0786e+00 (7.1116e+00)	Acc@1   0.78 (  0.11)	Acc@5   1.56 (  0.43)
memory: 9663.41 (MB)
Epoch: [0][  120/10010]	Time  2.945 ( 3.206)	Data  0.005 ( 0.101)	Loss 7.0421e+00 (7.1110e+00)	Acc@1   0.00 (  0.10)	Acc@5   0.78 (  0.43)
memory: 9562.20 (MB)
Epoch: [0][  121/10010]	Time  2.694 ( 3.202)	Data  0.003 ( 0.100)	Loss 7.1021e+00 (7.1109e+00)	Acc@1   0.00 (  0.10)	Acc@5   0.00 (  0.43)
memory: 9664.22 (MB)
Epoch: [0][  122/10010]	Time  2.316 ( 3.195)	Data  0.003 ( 0.099)	Loss 7.0958e+00 (7.1108e+00)	Acc@1   0.00 (  0.10)	Acc@5   0.00 (  0.42)
memory: 9663.03 (MB)
Epoch: [0][  123/10010]	Time  2.674 ( 3.191)	Data  0.007 ( 0.098)	Loss 7.0668e+00 (7.1104e+00)	Acc@1   0.00 (  0.10)	Acc@5   0.00 (  0.42)
memory: 9663.85 (MB)
Epoch: [0][  124/10010]	Time  2.775 ( 3.187)	Data  0.007 ( 0.097)	Loss 7.2283e+00 (7.1114e+00)	Acc@1   0.00 (  0.10)	Acc@5   0.00 (  0.42)
memory: 9664.85 (MB)
Epoch: [0][  125/10010]	Time  2.801 ( 3.184)	Data  0.003 ( 0.097)	Loss 7.1013e+00 (7.1113e+00)	Acc@1   0.00 (  0.10)	Acc@5   0.78 (  0.42)
memory: 9664.85 (MB)
Epoch: [0][  126/10010]	Time  2.686 ( 3.180)	Data  0.004 ( 0.096)	Loss 7.1717e+00 (7.1118e+00)	Acc@1   0.00 (  0.10)	Acc@5   0.00 (  0.42)
memory: 9664.60 (MB)
Epoch: [0][  127/10010]	Time  2.396 ( 3.174)	Data  0.003 ( 0.095)	Loss 7.1073e+00 (7.1117e+00)	Acc@1   0.00 (  0.10)	Acc@5   0.00 (  0.41)
memory: 9663.47 (MB)
Epoch: [0][  128/10010]	Time  2.869 ( 3.172)	Data  0.008 ( 0.095)	Loss 7.1494e+00 (7.1120e+00)	Acc@1   0.00 (  0.10)	Acc@5   0.00 (  0.41)
memory: 9665.03 (MB)
Epoch: [0][  129/10010]	Time  2.972 ( 3.170)	Data  0.001 ( 0.094)	Loss 7.0578e+00 (7.1116e+00)	Acc@1   0.00 (  0.10)	Acc@5   0.78 (  0.41)
memory: 9664.22 (MB)
Epoch: [0][  130/10010]	Time  2.675 ( 3.166)	Data  0.005 ( 0.093)	Loss 6.9852e+00 (7.1106e+00)	Acc@1   0.00 (  0.10)	Acc@5   0.78 (  0.41)
memory: 9665.03 (MB)
Epoch: [0][  131/10010]	Time  2.800 ( 3.164)	Data  0.003 ( 0.092)	Loss 7.0775e+00 (7.1104e+00)	Acc@1   0.00 (  0.10)	Acc@5   0.00 (  0.41)
memory: 9561.70 (MB)
Epoch: [0][  132/10010]	Time  2.433 ( 3.158)	Data  0.003 ( 0.092)	Loss 7.0970e+00 (7.1103e+00)	Acc@1   0.00 (  0.09)	Acc@5   0.00 (  0.41)
memory: 9562.32 (MB)
Epoch: [0][  133/10010]	Time  3.103 ( 3.158)	Data  0.011 ( 0.091)	Loss 7.2074e+00 (7.1110e+00)	Acc@1   0.00 (  0.09)	Acc@5   0.00 (  0.41)
memory: 9562.32 (MB)
Epoch: [0][  134/10010]	Time  2.459 ( 3.152)	Data  0.010 ( 0.091)	Loss 7.1949e+00 (7.1116e+00)	Acc@1   0.00 (  0.09)	Acc@5   0.00 (  0.40)
memory: 9664.16 (MB)
Epoch: [0][  135/10010]	Time  2.669 ( 3.149)	Data  0.002 ( 0.090)	Loss 7.0315e+00 (7.1110e+00)	Acc@1   0.00 (  0.09)	Acc@5   0.00 (  0.40)
memory: 9561.45 (MB)
Epoch: [0][  136/10010]	Time  3.098 ( 3.148)	Data  0.003 ( 0.089)	Loss 7.0553e+00 (7.1106e+00)	Acc@1   0.00 (  0.09)	Acc@5   0.78 (  0.40)
memory: 9664.60 (MB)
Epoch: [0][  137/10010]	Time  2.887 ( 3.147)	Data  0.005 ( 0.089)	Loss 7.0540e+00 (7.1102e+00)	Acc@1   0.78 (  0.10)	Acc@5   0.78 (  0.40)
memory: 9663.22 (MB)
Epoch: [0][  138/10010]	Time  2.988 ( 3.145)	Data  0.002 ( 0.088)	Loss 7.2280e+00 (7.1111e+00)	Acc@1   0.00 (  0.10)	Acc@5   0.00 (  0.40)
memory: 9664.22 (MB)
Epoch: [0][  139/10010]	Time  2.796 ( 3.143)	Data  0.004 ( 0.087)	Loss 7.1386e+00 (7.1113e+00)	Acc@1   0.00 (  0.10)	Acc@5   0.78 (  0.40)
memory: 9664.72 (MB)
Epoch: [0][  140/10010]	Time  3.003 ( 3.142)	Data  0.004 ( 0.087)	Loss 7.1082e+00 (7.1113e+00)	Acc@1   0.00 (  0.09)	Acc@5   0.78 (  0.41)
memory: 9664.91 (MB)
Epoch: [0][  141/10010]	Time  3.025 ( 3.141)	Data  0.002 ( 0.086)	Loss 7.0826e+00 (7.1110e+00)	Acc@1   1.56 (  0.11)	Acc@5   2.34 (  0.42)
memory: 9561.39 (MB)
Epoch: [0][  142/10010]	Time  2.800 ( 3.139)	Data  0.002 ( 0.086)	Loss 7.1654e+00 (7.1114e+00)	Acc@1   0.00 (  0.10)	Acc@5   0.00 (  0.42)
memory: 9664.60 (MB)
Epoch: [0][  143/10010]	Time  3.009 ( 3.138)	Data  0.012 ( 0.085)	Loss 7.0398e+00 (7.1109e+00)	Acc@1   0.00 (  0.10)	Acc@5   0.78 (  0.42)
memory: 9664.53 (MB)
Epoch: [0][  144/10010]	Time  4.072 ( 3.144)	Data  0.025 ( 0.085)	Loss 7.1512e+00 (7.1112e+00)	Acc@1   0.00 (  0.10)	Acc@5   0.00 (  0.42)
memory: 9663.85 (MB)
Epoch: [0][  145/10010]	Time  2.818 ( 3.142)	Data  0.002 ( 0.084)	Loss 7.1573e+00 (7.1115e+00)	Acc@1   0.00 (  0.10)	Acc@5   0.00 (  0.41)
memory: 9664.53 (MB)
Epoch: [0][  146/10010]	Time  2.944 ( 3.141)	Data  0.004 ( 0.084)	Loss 7.0725e+00 (7.1113e+00)	Acc@1   0.78 (  0.11)	Acc@5   0.78 (  0.42)
memory: 9562.64 (MB)
Epoch: [0][  147/10010]	Time  2.868 ( 3.139)	Data  0.010 ( 0.083)	Loss 7.0633e+00 (7.1109e+00)	Acc@1   0.78 (  0.11)	Acc@5   0.78 (  0.42)
memory: 9664.53 (MB)
Epoch: [0][  148/10010]	Time  2.513 ( 3.135)	Data  0.003 ( 0.083)	Loss 7.0510e+00 (7.1105e+00)	Acc@1   0.00 (  0.11)	Acc@5   0.78 (  0.42)
memory: 9662.85 (MB)
Epoch: [0][  149/10010]	Time  3.278 ( 3.136)	Data  0.001 ( 0.082)	Loss 7.0595e+00 (7.1102e+00)	Acc@1   0.00 (  0.11)	Acc@5   0.00 (  0.42)
memory: 9661.03 (MB)
Epoch: [0][  150/10010]	Time  3.107 ( 3.135)	Data  0.004 ( 0.081)	Loss 6.9869e+00 (7.1094e+00)	Acc@1   0.00 (  0.11)	Acc@5   0.00 (  0.42)
memory: 9664.35 (MB)
Epoch: [0][  151/10010]	Time  2.777 ( 3.133)	Data  0.004 ( 0.081)	Loss 7.1078e+00 (7.1094e+00)	Acc@1   0.00 (  0.11)	Acc@5   0.00 (  0.41)
memory: 9663.78 (MB)
Epoch: [0][  152/10010]	Time  3.149 ( 3.133)	Data  0.035 ( 0.081)	Loss 7.0682e+00 (7.1091e+00)	Acc@1   1.56 (  0.12)	Acc@5   3.12 (  0.43)
memory: 9663.10 (MB)
Epoch: [0][  153/10010]	Time  3.056 ( 3.133)	Data  0.018 ( 0.080)	Loss 7.1121e+00 (7.1091e+00)	Acc@1   0.00 (  0.12)	Acc@5   0.00 (  0.43)
memory: 9562.95 (MB)
Epoch: [0][  154/10010]	Time  3.306 ( 3.134)	Data  0.001 ( 0.080)	Loss 7.0871e+00 (7.1090e+00)	Acc@1   0.00 (  0.12)	Acc@5   0.78 (  0.43)
memory: 9663.28 (MB)
Epoch: [0][  155/10010]	Time  2.386 ( 3.129)	Data  0.002 ( 0.079)	Loss 7.0633e+00 (7.1087e+00)	Acc@1   0.00 (  0.12)	Acc@5   0.78 (  0.43)
memory: 9563.57 (MB)
